<?xml version="1.0" encoding="UTF-8"?>
<testng-results ignored="0" total="1" passed="1" failed="0" skipped="0">
  <reporter-output>
  </reporter-output>
  <suite started-at="2024-11-27T07:26:17 IST" name="Default suite" finished-at="2024-11-27T07:26:30 IST" duration-ms="12568">
    <groups>
      <group name="smoke">
        <method signature="LoginTest.verifyAdminUserLogin()[pri:0, instance:com.sevenrmartsupermarket.tests.LoginTest@1fa121e2]" name="verifyAdminUserLogin" class="com.sevenrmartsupermarket.tests.LoginTest"/>
      </group> <!-- smoke -->
    </groups>
    <test started-at="2024-11-27T07:26:17 IST" name="Default test" finished-at="2024-11-27T07:26:30 IST" duration-ms="12568">
      <class name="com.sevenrmartsupermarket.tests.LoginTest">
        <test-method is-config="true" signature="launchBrowser()[pri:0, instance:com.sevenrmartsupermarket.tests.LoginTest@1fa121e2]" started-at="2024-11-27T07:26:17 IST" name="launchBrowser" finished-at="2024-11-27T07:26:27 IST" duration-ms="9446" status="PASS">
          <reporter-output>
          </reporter-output>
        </test-method> <!-- launchBrowser -->
        <test-method signature="verifyAdminUserLogin()[pri:0, instance:com.sevenrmartsupermarket.tests.LoginTest@1fa121e2]" started-at="2024-11-27T07:26:27 IST" name="verifyAdminUserLogin" finished-at="2024-11-27T07:26:30 IST" duration-ms="2976" status="PASS">
          <reporter-output>
          </reporter-output>
        </test-method> <!-- verifyAdminUserLogin -->
        <test-method is-config="true" signature="terminateSession(org.testng.ITestResult)[pri:0, instance:com.sevenrmartsupermarket.tests.LoginTest@1fa121e2]" started-at="2024-11-27T07:26:30 IST" name="terminateSession" finished-at="2024-11-27T07:26:30 IST" duration-ms="14" status="PASS">
          <params>
            <param index="0">
              <value>
                <![CDATA[[TestResult name=verifyAdminUserLogin status=SUCCESS method=LoginTest.verifyAdminUserLogin()[pri:0, instance:com.sevenrmartsupermarket.tests.LoginTest@1fa121e2] output={null}]]]>
              </value>
            </param>
          </params>
          <reporter-output>
          </reporter-output>
        </test-method> <!-- terminateSession -->
      </class> <!-- com.sevenrmartsupermarket.tests.LoginTest -->
    </test> <!-- Default test -->
  </suite> <!-- Default suite -->
</testng-results>
